<?xml version="1.0" encoding="UTF-8"?>
<!-- Generated by org.testng.reporters.JUnitReportReporter -->
<testsuite hostname="DESKTOP-QGPOIJH" failures="0" tests="1" name="tests.Class3" time="0.005" errors="0" timestamp="2022-05-20T15:10:33 IST" skipped="0">
  <testcase classname="tests.Class3" name="testB" time="0.005"/>
  <system-out/>
</testsuite> <!-- tests.Class3 -->
