<?xml version="1.0" encoding="UTF-8"?>
<!-- Generated by org.testng.reporters.JUnitReportReporter -->
<testsuite hostname="DESKTOP-QGPOIJH" failures="0" tests="3" name="tests.TestClass" time="0.017" errors="0" timestamp="2022-05-18T15:34:05 IST" skipped="0">
  <testcase classname="tests.TestClass" name="testA" time="0.009"/>
  <system-out/>
  <testcase classname="tests.TestClass" name="testC" time="0.004"/>
  <system-out/>
  <testcase classname="tests.TestClass" name="testB" time="0.004"/>
  <system-out/>
</testsuite> <!-- tests.TestClass -->
